#
# A fatal error has been detected by the Java Runtime Environment:
#
#  EXCEPTION_ACCESS_VIOLATION (0xc0000005) at pc=0x00007ffa346b90b0, pid=2276, tid=0x0000000000001b90
#
# JRE version: Java(TM) SE Runtime Environment (8.0_271-b09) (build 1.8.0_271-b09)
# Java VM: Java HotSpot(TM) 64-Bit Server VM (25.271-b09 mixed mode windows-amd64 compressed oops)
# Problematic frame:
# C  [d3d9.dll+0xc90b0]
#
# Failed to write core dump. Minidumps are not enabled by default on client versions of Windows
#
# If you would like to submit a bug report, please visit:
#   http://bugreport.java.com/bugreport/crash.jsp
# The crash happened outside the Java Virtual Machine in native code.
# See problematic frame for where to report the bug.
#

---------------  T H R E A D  ---------------

Current thread (0x000001f0decb0800):  JavaThread "QuantumRenderer-0" daemon [_thread_in_native, id=7056, stack(0x000000c1ce000000,0x000000c1ce100000)]

siginfo: ExceptionCode=0xc0000005, reading address 0x0000000000000008

Registers:
RAX=0x0000000000000001, RBX=0x0000000000000000, RCX=0x000000000000000c, RDX=0x000001f0de736a80
RSP=0x000000c1ce0fe7a0, RBP=0x0000000000000000, RSI=0x0000000000000000, RDI=0x0000000000000000
R8 =0x0000000000000000, R9 =0x0000000000000002, R10=0x0000000000000002, R11=0x000001f0df045aa8
R12=0x0000000000000000, R13=0x0000000000000000, R14=0x000001f0df0dc060, R15=0x000001f0de76fce0
RIP=0x00007ffa346b90b0, EFLAGS=0x0000000000010202

Top of Stack: (sp=0x000000c1ce0fe7a0)
0x000000c1ce0fe7a0:   000001f0df014500 00007ff9f3fbcfc6
0x000000c1ce0fe7b0:   000001f0df053708 00007ffa34601522
0x000000c1ce0fe7c0:   000000c1ce0fe838 00007ffa346b8853
0x000000c1ce0fe7d0:   0000000000000000 000000c1ce0fe920
0x000000c1ce0fe7e0:   000001f0df0bae00 000001f0de736a80
0x000000c1ce0fe7f0:   000001f000000000 00007ffa34728520
0x000000c1ce0fe800:   0000000000000001 00007ffa34645bbc
0x000000c1ce0fe810:   000000c1ce0fe884 000001f0df0d6520
0x000000c1ce0fe820:   000000c1ce0fe870 0000000000000002
0x000000c1ce0fe830:   0000000000000010 0000000000000001
0x000000c1ce0fe840:   000000c1ce0fe870 0000001400000105
0x000000c1ce0fe850:   000001f0df0d6520 000001f0df040e40
0x000000c1ce0fe860:   000001f0df0d6520 0000000000000000
0x000000c1ce0fe870:   0706050403020100 0f0e0d0c0b0a0908
0x000000c1ce0fe880:   000001f014131211 000001f0df040e40
0x000000c1ce0fe890:   0000c46e58adf25d 00007ffa34720191 

Instructions: (pc=0x00007ffa346b90b0)
0x00007ffa346b9090:   24 40 48 8b 7c 24 48 48 83 c4 20 41 5e c3 cc 4d
0x00007ffa346b90a0:   8b 73 08 41 8b c2 48 d1 e8 45 8b ca 4d 8b 04 c6
0x00007ffa346b90b0:   49 63 40 08 41 8b 48 14 48 f7 d8 48 c1 e0 3f 48
0x00007ffa346b90c0:   d1 e9 48 03 c8 41 8b 00 48 c1 e0 1f 48 03 c8 48 


Register to memory mapping:

RAX=0x0000000000000001 is an unknown value
RBX=0x0000000000000000 is an unknown value
RCX=0x000000000000000c is an unknown value
RDX=0x000001f0de736a80 is an unknown value
RSP=0x000000c1ce0fe7a0 is pointing into the stack for thread: 0x000001f0decb0800
RBP=0x0000000000000000 is an unknown value
RSI=0x0000000000000000 is an unknown value
RDI=0x0000000000000000 is an unknown value
R8 =0x0000000000000000 is an unknown value
R9 =0x0000000000000002 is an unknown value
R10=0x0000000000000002 is an unknown value
R11=0x000001f0df045aa8 is an unknown value
R12=0x0000000000000000 is an unknown value
R13=0x0000000000000000 is an unknown value
R14=0x000001f0df0dc060 is an unknown value
R15=0x000001f0de76fce0 is an unknown value


Stack: [0x000000c1ce000000,0x000000c1ce100000],  sp=0x000000c1ce0fe7a0,  free space=1017k
Native frames: (J=compiled Java code, j=interpreted, Vv=VM code, C=native code)

Java frames: (J=compiled Java code, j=interpreted, Vv=VM code)
j  com.sun.prism.d3d.D3DSwapChain.nPresent(JJ)I+0
j  com.sun.prism.d3d.D3DSwapChain.present()Z+16
j  com.sun.javafx.tk.quantum.PresentingPainter.run()V+446
j  java.util.concurrent.Executors$RunnableAdapter.call()Ljava/lang/Object;+4
j  java.util.concurrent.FutureTask.runAndReset()Z+47
j  com.sun.javafx.tk.RenderJob.run()V+1
j  java.util.concurrent.ThreadPoolExecutor.runWorker(Ljava/util/concurrent/ThreadPoolExecutor$Worker;)V+95
j  java.util.concurrent.ThreadPoolExecutor$Worker.run()V+5
j  com.sun.javafx.tk.quantum.QuantumRenderer$PipelineRunnable.run()V+8
j  java.lang.Thread.run()V+11
v  ~StubRoutines::call_stub

---------------  P R O C E S S  ---------------

Java Threads: ( => current thread )
  0x000001f0fb686000 JavaThread "TimerQueue" daemon [_thread_blocked, id=4072, stack(0x000000c1cf430000,0x000000c1cf530000)]
  0x000001f0e6922800 JavaThread "D3D Screen Updater" daemon [_thread_blocked, id=1584, stack(0x000000c1cf330000,0x000000c1cf430000)]
  0x000001f0e691d800 JavaThread "AWT-EventQueue-0" [_thread_blocked, id=9124, stack(0x000000c1cf230000,0x000000c1cf330000)]
  0x000001f0e6919800 JavaThread "AWT-Shutdown" [_thread_blocked, id=7412, stack(0x000000c1cf130000,0x000000c1cf230000)]
  0x000001f0e62aa000 JavaThread "Thread-6" [_thread_blocked, id=1808, stack(0x000000c1cebd0000,0x000000c1cecd0000)]
  0x000001f0e62a5000 JavaThread "Prism Font Disposer" daemon [_thread_blocked, id=10852, stack(0x000000c1cead0000,0x000000c1cebd0000)]
  0x000001f0df145800 JavaThread "AWT-Windows" daemon [_thread_in_native, id=5592, stack(0x000000c1ce930000,0x000000c1cea30000)]
  0x000001f0df148000 JavaThread "Java2D Disposer" daemon [_thread_blocked, id=4300, stack(0x000000c1ce730000,0x000000c1ce830000)]
  0x000001f0df149800 JavaThread "Thread-3" daemon [_thread_in_native, id=4104, stack(0x000000c1ce530000,0x000000c1ce630000)]
  0x000001f0df146800 JavaThread "JavaFX-Launcher" [_thread_blocked, id=4052, stack(0x000000c1ce630000,0x000000c1ce730000)]
  0x000001f0ded03000 JavaThread "JavaFX Application Thread" [_thread_in_Java, id=11508, stack(0x000000c1ce300000,0x000000c1ce400000)]
  0x000001f0ded01800 JavaThread "Thread-1" daemon [_thread_blocked, id=10392, stack(0x000000c1ce200000,0x000000c1ce300000)]
=>0x000001f0decb0800 JavaThread "QuantumRenderer-0" daemon [_thread_in_native, id=7056, stack(0x000000c1ce000000,0x000000c1ce100000)]
  0x000001f0de6c8000 JavaThread "Service Thread" daemon [_thread_blocked, id=8868, stack(0x000000c1cde00000,0x000000c1cdf00000)]
  0x000001f0de6a0000 JavaThread "C1 CompilerThread2" daemon [_thread_blocked, id=2156, stack(0x000000c1cdd00000,0x000000c1cde00000)]
  0x000001f0de69d800 JavaThread "C2 CompilerThread1" daemon [_thread_blocked, id=8428, stack(0x000000c1cdc00000,0x000000c1cdd00000)]
  0x000001f0de642000 JavaThread "C2 CompilerThread0" daemon [_thread_blocked, id=3868, stack(0x000000c1cdb00000,0x000000c1cdc00000)]
  0x000001f0ddb9e000 JavaThread "Monitor Ctrl-Break" daemon [_thread_in_native, id=10080, stack(0x000000c1cda00000,0x000000c1cdb00000)]
  0x000001f0dda8a000 JavaThread "Attach Listener" daemon [_thread_blocked, id=6948, stack(0x000000c1cd900000,0x000000c1cda00000)]
  0x000001f0dda92800 JavaThread "Signal Dispatcher" daemon [_thread_blocked, id=12120, stack(0x000000c1cd800000,0x000000c1cd900000)]
  0x000001f0dd32d800 JavaThread "Finalizer" daemon [_thread_blocked, id=9056, stack(0x000000c1cd700000,0x000000c1cd800000)]
  0x000001f0dda64800 JavaThread "Reference Handler" daemon [_thread_blocked, id=3032, stack(0x000000c1cd600000,0x000000c1cd700000)]
  0x000001f0c4c79800 JavaThread "main" [_thread_blocked, id=11604, stack(0x000000c1cd000000,0x000000c1cd100000)]

Other Threads:
  0x000001f0dda42000 VMThread [stack: 0x000000c1cd500000,0x000000c1cd600000] [id=10204]
  0x000001f0de6d4000 WatcherThread [stack: 0x000000c1cdf00000,0x000000c1ce000000] [id=5320]

VM state:not at safepoint (normal execution)

VM Mutex/Monitor currently owned by a thread: None

heap address: 0x0000000700e00000, size: 3058 MB, Compressed Oops mode: Zero based, Oop shift amount: 3
Narrow klass base: 0x0000000000000000, Narrow klass shift: 3
Compressed class space size: 1073741824 Address: 0x00000007c0000000

Heap:
 PSYoungGen      total 57344K, used 7605K [0x0000000780500000, 0x0000000787500000, 0x00000007c0000000)
  eden space 49152K, 15% used [0x0000000780500000,0x0000000780c6d538,0x0000000783500000)
  from space 8192K, 0% used [0x0000000783d00000,0x0000000783d00000,0x0000000784500000)
  to   space 8192K, 0% used [0x0000000783500000,0x0000000783500000,0x0000000783d00000)
 ParOldGen       total 78848K, used 9009K [0x0000000700e00000, 0x0000000705b00000, 0x0000000780500000)
  object space 78848K, 11% used [0x0000000700e00000,0x00000007016cc580,0x0000000705b00000)
 Metaspace       used 23723K, capacity 24674K, committed 24960K, reserved 1071104K
  class space    used 3427K, capacity 3650K, committed 3712K, reserved 1048576K

Card table byte_map: [0x000001f0d5aa0000,0x000001f0d60a0000] byte_map_base: 0x000001f0d2299000

Marking Bits: (ParMarkBitMap*) 0x000000006b007fe0
 Begin Bits: [0x000001f0d64a0000, 0x000001f0d9468000)
 End Bits:   [0x000001f0d9468000, 0x000001f0dc430000)

Polling page: 0x000001f0c4e80000

CodeCache: size=245760Kb used=5600Kb max_used=5600Kb free=240159Kb
 bounds [0x000001f0c66e0000, 0x000001f0c6c60000, 0x000001f0d56e0000]
 total_blobs=2581 nmethods=1793 adapters=700
 compilation: enabled

Compilation events (10 events):
Event: 8.299 Thread 0x000001f0de642000 nmethod 1785 0x000001f0c6c58e50 code [0x000001f0c6c58fa0, 0x000001f0c6c59098]
Event: 8.300 Thread 0x000001f0de6a0000 nmethod 1789 0x000001f0c6c57bd0 code [0x000001f0c6c57d80, 0x000001f0c6c58970]
Event: 8.300 Thread 0x000001f0de6a0000 1790       3       com.sun.javafx.geom.transform.Affine3D::setTransform (101 bytes)
Event: 8.300 Thread 0x000001f0de6a0000 nmethod 1790 0x000001f0c6c56c10 code [0x000001f0c6c56e40, 0x000001f0c6c57950]
Event: 8.300 Thread 0x000001f0de6a0000 1788       1       com.sun.javafx.text.TextRun::getLocation (5 bytes)
Event: 8.300 Thread 0x000001f0de6a0000 nmethod 1788 0x000001f0c6c56950 code [0x000001f0c6c56aa0, 0x000001f0c6c56bb8]
Event: 8.300 Thread 0x000001f0de6a0000 1791       3       com.sun.prism.impl.GlyphCache::addDataToQuad (305 bytes)
Event: 8.301 Thread 0x000001f0de6a0000 nmethod 1791 0x000001f0c6c59210 code [0x000001f0c6c59440, 0x000001f0c6c59f10]
Event: 8.346 Thread 0x000001f0de6a0000 1793       3       java.util.concurrent.locks.AbstractQueuedSynchronizer::unparkSuccessor (84 bytes)
Event: 8.347 Thread 0x000001f0de6a0000 nmethod 1793 0x000001f0c6c5a510 code [0x000001f0c6c5a6a0, 0x000001f0c6c5ac10]

GC Heap History (6 events):
Event: 2.195 GC heap before
{Heap before GC invocations=1 (full 0):
 PSYoungGen      total 57344K, used 49152K [0x0000000780500000, 0x0000000784500000, 0x00000007c0000000)
  eden space 49152K, 100% used [0x0000000780500000,0x0000000783500000,0x0000000783500000)
  from space 8192K, 0% used [0x0000000783d00000,0x0000000783d00000,0x0000000784500000)
  to   space 8192K, 0% used [0x0000000783500000,0x0000000783500000,0x0000000783d00000)
 ParOldGen       total 131072K, used 0K [0x0000000700e00000, 0x0000000708e00000, 0x0000000780500000)
  object space 131072K, 0% used [0x0000000700e00000,0x0000000700e00000,0x0000000708e00000)
 Metaspace       used 18927K, capacity 19766K, committed 20096K, reserved 1067008K
  class space    used 2628K, capacity 2818K, committed 2944K, reserved 1048576K
Event: 2.205 GC heap after
Heap after GC invocations=1 (full 0):
 PSYoungGen      total 57344K, used 5576K [0x0000000780500000, 0x0000000784500000, 0x00000007c0000000)
  eden space 49152K, 0% used [0x0000000780500000,0x0000000780500000,0x0000000783500000)
  from space 8192K, 68% used [0x0000000783500000,0x0000000783a721a0,0x0000000783d00000)
  to   space 8192K, 0% used [0x0000000783d00000,0x0000000783d00000,0x0000000784500000)
 ParOldGen       total 131072K, used 80K [0x0000000700e00000, 0x0000000708e00000, 0x0000000780500000)
  object space 131072K, 0% used [0x0000000700e00000,0x0000000700e14010,0x0000000708e00000)
 Metaspace       used 18927K, capacity 19766K, committed 20096K, reserved 1067008K
  class space    used 2628K, capacity 2818K, committed 2944K, reserved 1048576K
}
Event: 2.375 GC heap before
{Heap before GC invocations=2 (full 0):
 PSYoungGen      total 57344K, used 15477K [0x0000000780500000, 0x0000000784500000, 0x00000007c0000000)
  eden space 49152K, 20% used [0x0000000780500000,0x0000000780eab4b0,0x0000000783500000)
  from space 8192K, 68% used [0x0000000783500000,0x0000000783a721a0,0x0000000783d00000)
  to   space 8192K, 0% used [0x0000000783d00000,0x0000000783d00000,0x0000000784500000)
 ParOldGen       total 131072K, used 80K [0x0000000700e00000, 0x0000000708e00000, 0x0000000780500000)
  object space 131072K, 0% used [0x0000000700e00000,0x0000000700e14010,0x0000000708e00000)
 Metaspace       used 20327K, capacity 21168K, committed 21296K, reserved 1067008K
  class space    used 2904K, capacity 3127K, committed 3200K, reserved 1048576K
Event: 2.381 GC heap after
Heap after GC invocations=2 (full 0):
 PSYoungGen      total 57344K, used 8160K [0x0000000780500000, 0x0000000787500000, 0x00000007c0000000)
  eden space 49152K, 0% used [0x0000000780500000,0x0000000780500000,0x0000000783500000)
  from space 8192K, 99% used [0x0000000783d00000,0x00000007844f8040,0x0000000784500000)
  to   space 8192K, 0% used [0x0000000783500000,0x0000000783500000,0x0000000783d00000)
 ParOldGen       total 131072K, used 2985K [0x0000000700e00000, 0x0000000708e00000, 0x0000000780500000)
  object space 131072K, 2% used [0x0000000700e00000,0x00000007010ea738,0x0000000708e00000)
 Metaspace       used 20327K, capacity 21168K, committed 21296K, reserved 1067008K
  class space    used 2904K, capacity 3127K, committed 3200K, reserved 1048576K
}
Event: 2.381 GC heap before
{Heap before GC invocations=3 (full 1):
 PSYoungGen      total 57344K, used 8160K [0x0000000780500000, 0x0000000787500000, 0x00000007c0000000)
  eden space 49152K, 0% used [0x0000000780500000,0x0000000780500000,0x0000000783500000)
  from space 8192K, 99% used [0x0000000783d00000,0x00000007844f8040,0x0000000784500000)
  to   space 8192K, 0% used [0x0000000783500000,0x0000000783500000,0x0000000783d00000)
 ParOldGen       total 131072K, used 2985K [0x0000000700e00000, 0x0000000708e00000, 0x0000000780500000)
  object space 131072K, 2% used [0x0000000700e00000,0x00000007010ea738,0x0000000708e00000)
 Metaspace       used 20327K, capacity 21168K, committed 21296K, reserved 1067008K
  class space    used 2904K, capacity 3127K, committed 3200K, reserved 1048576K
Event: 2.406 GC heap after
Heap after GC invocations=3 (full 1):
 PSYoungGen      total 57344K, used 0K [0x0000000780500000, 0x0000000787500000, 0x00000007c0000000)
  eden space 49152K, 0% used [0x0000000780500000,0x0000000780500000,0x0000000783500000)
  from space 8192K, 0% used [0x0000000783d00000,0x0000000783d00000,0x0000000784500000)
  to   space 8192K, 0% used [0x0000000783500000,0x0000000783500000,0x0000000783d00000)
 ParOldGen       total 78848K, used 9009K [0x0000000700e00000, 0x0000000705b00000, 0x0000000780500000)
  object space 78848K, 11% used [0x0000000700e00000,0x00000007016cc580,0x0000000705b00000)
 Metaspace       used 20327K, capacity 21168K, committed 21296K, reserved 1067008K
  class space    used 2904K, capacity 3127K, committed 3200K, reserved 1048576K
}

Deoptimization events (10 events):
Event: 2.007 Thread 0x000001f0ded03000 Uncommon trap: reason=class_check action=maybe_recompile pc=0x000001f0c687b990 method=java.lang.String.equals(Ljava/lang/Object;)Z @ 8
Event: 2.007 Thread 0x000001f0ded03000 Uncommon trap: reason=class_check action=maybe_recompile pc=0x000001f0c687b990 method=java.lang.String.equals(Ljava/lang/Object;)Z @ 8
Event: 2.008 Thread 0x000001f0ded03000 Uncommon trap: reason=class_check action=maybe_recompile pc=0x000001f0c687b990 method=java.lang.String.equals(Ljava/lang/Object;)Z @ 8
Event: 2.101 Thread 0x000001f0ded03000 Uncommon trap: reason=unstable_if action=reinterpret pc=0x000001f0c6a09210 method=sun.net.www.ParseUtil.encodePath(Ljava/lang/String;Z)Ljava/lang/String; @ 109
Event: 2.267 Thread 0x000001f0ded03000 Uncommon trap: reason=unstable_if action=reinterpret pc=0x000001f0c685a7c0 method=java.lang.CharacterData.of(I)Ljava/lang/CharacterData; @ 4
Event: 2.321 Thread 0x000001f0ded03000 Uncommon trap: reason=unstable_if action=reinterpret pc=0x000001f0c6a78fe8 method=jdk.internal.org.objectweb.asm.Type.getArgumentsAndReturnSizes(Ljava/lang/String;)I @ 47
Event: 7.789 Thread 0x000001f0e62aa000 Uncommon trap: reason=predicate action=maybe_recompile pc=0x000001f0c6b87bf0 method=java.lang.String.regionMatches(ZILjava/lang/String;II)Z @ 63
Event: 7.844 Thread 0x000001f0df145800 Uncommon trap: reason=bimorphic action=maybe_recompile pc=0x000001f0c6a3452c method=java.util.HashMap.putVal(ILjava/lang/Object;Ljava/lang/Object;ZZ)Ljava/lang/Object; @ 203
Event: 7.844 Thread 0x000001f0df145800 Uncommon trap: reason=bimorphic action=maybe_recompile pc=0x000001f0c6a3452c method=java.util.HashMap.putVal(ILjava/lang/Object;Ljava/lang/Object;ZZ)Ljava/lang/Object; @ 203
Event: 7.844 Thread 0x000001f0df145800 Uncommon trap: reason=bimorphic action=maybe_recompile pc=0x000001f0c6a3452c method=java.util.HashMap.putVal(ILjava/lang/Object;Ljava/lang/Object;ZZ)Ljava/lang/Object; @ 203

Classes redefined (0 events):
No events

Internal exceptions (10 events):
Event: 0.285 Thread 0x000001f0c4c79800 Exception <a 'java/lang/NullPointerException'> (0x0000000780a54b88) thrown at [C:\jenkins\workspace\8-2-build-windows-amd64-cygwin\jdk8u271\605\hotspot\src\share\vm\interpreter\linkResolver.cpp, line 1185]
Event: 0.312 Thread 0x000001f0c4c79800 Implicit null exception at 0x000001f0c67fd115 to 0x000001f0c67fd2f5
Event: 0.962 Thread 0x000001f0ded03000 Exception <a 'java/io/FileNotFoundException'> (0x00000007817e3a18) thrown at [C:\jenkins\workspace\8-2-build-windows-amd64-cygwin\jdk8u271\605\hotspot\src\share\vm\prims\jni.cpp, line 710]
Event: 1.004 Thread 0x000001f0ded03000 Exception <a 'java/io/FileNotFoundException'> (0x0000000781898128) thrown at [C:\jenkins\workspace\8-2-build-windows-amd64-cygwin\jdk8u271\605\hotspot\src\share\vm\prims\jni.cpp, line 710]
Event: 1.200 Thread 0x000001f0ded03000 Implicit null exception at 0x000001f0c6909c56 to 0x000001f0c6909ffd
Event: 1.234 Thread 0x000001f0ded03000 Exception <a 'java/lang/NullPointerException'> (0x0000000781d74fe0) thrown at [C:\jenkins\workspace\8-2-build-windows-amd64-cygwin\jdk8u271\605\hotspot\src\share\vm\interpreter\linkResolver.cpp, line 1185]
Event: 1.234 Thread 0x000001f0ded03000 Exception <a 'java/lang/NullPointerException'> (0x0000000781d74fe0) thrown at [C:\jenkins\workspace\8-2-build-windows-amd64-cygwin\jdk8u271\605\hotspot\src\share\vm\prims\jvm.cpp, line 1516]
Event: 1.789 Thread 0x000001f0ded03000 Exception <a 'java/lang/ArrayIndexOutOfBoundsException'> (0x0000000782509a18) thrown at [C:\jenkins\workspace\8-2-build-windows-amd64-cygwin\jdk8u271\605\hotspot\src\share\vm\runtime\sharedRuntime.cpp, line 609]
Event: 1.789 Thread 0x000001f0ded03000 Exception <a 'java/lang/ArrayIndexOutOfBoundsException'> (0x000000078250bfd0) thrown at [C:\jenkins\workspace\8-2-build-windows-amd64-cygwin\jdk8u271\605\hotspot\src\share\vm\runtime\sharedRuntime.cpp, line 609]
Event: 1.789 Thread 0x000001f0ded03000 Exception <a 'java/lang/ArrayIndexOutOfBoundsException'> (0x000000078250de78) thrown at [C:\jenkins\workspace\8-2-build-windows-amd64-cygwin\jdk8u271\605\hotspot\src\share\vm\runtime\sharedRuntime.cpp, line 609]

Events (10 events):
Event: 8.019 Executing VM operation: RevokeBias
Event: 8.019 Executing VM operation: RevokeBias done
Event: 8.019 Executing VM operation: RevokeBias
Event: 8.019 Executing VM operation: RevokeBias done
Event: 8.019 Executing VM operation: RevokeBias
Event: 8.019 Executing VM operation: RevokeBias done
Event: 8.019 Executing VM operation: RevokeBias
Event: 8.019 Executing VM operation: RevokeBias done
Event: 8.019 Executing VM operation: RevokeBias
Event: 8.019 Executing VM operation: RevokeBias done


Dynamic libraries:
0x00007ff798960000 - 0x00007ff7989a7000 	C:\Program Files\Java\jdk1.8.0_271\bin\java.exe
0x00007ffa42a70000 - 0x00007ffa42c68000 	C:\Windows\SYSTEM32\ntdll.dll
0x00007ffa42740000 - 0x00007ffa427fd000 	C:\Windows\System32\KERNEL32.DLL
0x00007ffa40660000 - 0x00007ffa4092e000 	C:\Windows\System32\KERNELBASE.dll
0x00007ffa42630000 - 0x00007ffa426de000 	C:\Windows\System32\ADVAPI32.dll
0x00007ffa42590000 - 0x00007ffa4262e000 	C:\Windows\System32\msvcrt.dll
0x00007ffa41160000 - 0x00007ffa411fc000 	C:\Windows\System32\sechost.dll
0x00007ffa41030000 - 0x00007ffa41155000 	C:\Windows\System32\RPCRT4.dll
0x00007ffa42240000 - 0x00007ffa423e0000 	C:\Windows\System32\USER32.dll
0x00007ffa409e0000 - 0x00007ffa40a02000 	C:\Windows\System32\win32u.dll
0x00007ffa41f10000 - 0x00007ffa41f3a000 	C:\Windows\System32\GDI32.dll
0x00007ffa40350000 - 0x00007ffa4045b000 	C:\Windows\System32\gdi32full.dll
0x00007ffa405c0000 - 0x00007ffa4065d000 	C:\Windows\System32\msvcp_win.dll
0x00007ffa401c0000 - 0x00007ffa402c0000 	C:\Windows\System32\ucrtbase.dll
0x00007ffa30170000 - 0x00007ffa3040a000 	C:\Windows\WinSxS\amd64_microsoft.windows.common-controls_6595b64144ccf1df_6.0.19041.1110_none_60b5254171f9507e\COMCTL32.dll
0x00007ffa42210000 - 0x00007ffa42240000 	C:\Windows\System32\IMM32.DLL
0x00007ffa2bb20000 - 0x00007ffa2bb35000 	C:\Program Files\Java\jdk1.8.0_271\jre\bin\vcruntime140.dll
0x00007ffa22a10000 - 0x00007ffa22aab000 	C:\Program Files\Java\jdk1.8.0_271\jre\bin\msvcp140.dll
0x000000006a810000 - 0x000000006b07f000 	C:\Program Files\Java\jdk1.8.0_271\jre\bin\server\jvm.dll
0x00007ffa40f90000 - 0x00007ffa40f98000 	C:\Windows\System32\PSAPI.DLL
0x00007ffa349b0000 - 0x00007ffa349d7000 	C:\Windows\SYSTEM32\WINMM.dll
0x00007ffa3a090000 - 0x00007ffa3a09a000 	C:\Windows\SYSTEM32\VERSION.dll
0x00007ffa3d9b0000 - 0x00007ffa3d9b9000 	C:\Windows\SYSTEM32\WSOCK32.dll
0x00007ffa41ea0000 - 0x00007ffa41f0b000 	C:\Windows\System32\WS2_32.dll
0x00007ffa3e0b0000 - 0x00007ffa3e0c2000 	C:\Windows\SYSTEM32\kernel.appcore.dll
0x00007ffa2bb10000 - 0x00007ffa2bb20000 	C:\Program Files\Java\jdk1.8.0_271\jre\bin\verify.dll
0x00007ffa260b0000 - 0x00007ffa260db000 	C:\Program Files\Java\jdk1.8.0_271\jre\bin\java.dll
0x00007ffa26050000 - 0x00007ffa26080000 	C:\Program Files\Java\jdk1.8.0_271\jre\bin\instrument.dll
0x00007ffa2b5d0000 - 0x00007ffa2b5e8000 	C:\Program Files\Java\jdk1.8.0_271\jre\bin\zip.dll
0x00007ffa41680000 - 0x00007ffa41dc4000 	C:\Windows\System32\SHELL32.dll
0x00007ffa3e2b0000 - 0x00007ffa3ea44000 	C:\Windows\SYSTEM32\windows.storage.dll
0x00007ffa40b50000 - 0x00007ffa40ea4000 	C:\Windows\System32\combase.dll
0x00007ffa3fbf0000 - 0x00007ffa3fc20000 	C:\Windows\SYSTEM32\Wldp.dll
0x00007ffa42920000 - 0x00007ffa429cd000 	C:\Windows\System32\SHCORE.dll
0x00007ffa40f30000 - 0x00007ffa40f85000 	C:\Windows\System32\shlwapi.dll
0x00007ffa400d0000 - 0x00007ffa400ef000 	C:\Windows\SYSTEM32\profapi.dll
0x00007ffa25fd0000 - 0x00007ffa25fea000 	C:\Program Files\JetBrains\IntelliJ IDEA 2021.1.3\bin\breakgen64.dll
0x00007ffa26030000 - 0x00007ffa2604c000 	C:\Program Files\Java\jdk1.8.0_271\jre\bin\net.dll
0x00007ffa3f950000 - 0x00007ffa3f9ba000 	C:\Windows\system32\mswsock.dll
0x000001f0c4f10000 - 0x000001f0c4f13000 	C:\Program Files\Java\jdk1.8.0_271\jre\bin\api-ms-win-core-console-l1-1-0.dll
0x000001f0c4f20000 - 0x000001f0c4f23000 	C:\Program Files\Java\jdk1.8.0_271\jre\bin\api-ms-win-core-console-l1-2-0.dll
0x000001f0dea40000 - 0x000001f0dea43000 	C:\Program Files\Java\jdk1.8.0_271\jre\bin\api-ms-win-core-datetime-l1-1-0.dll
0x000001f0dea50000 - 0x000001f0dea53000 	C:\Program Files\Java\jdk1.8.0_271\jre\bin\api-ms-win-core-debug-l1-1-0.dll
0x000001f0dea60000 - 0x000001f0dea63000 	C:\Program Files\Java\jdk1.8.0_271\jre\bin\api-ms-win-core-errorhandling-l1-1-0.dll
0x000001f0dea70000 - 0x000001f0dea74000 	C:\Program Files\Java\jdk1.8.0_271\jre\bin\api-ms-win-core-file-l1-1-0.dll
0x000001f0dea80000 - 0x000001f0dea83000 	C:\Program Files\Java\jdk1.8.0_271\jre\bin\api-ms-win-core-file-l1-2-0.dll
0x000001f0dea90000 - 0x000001f0dea93000 	C:\Program Files\Java\jdk1.8.0_271\jre\bin\api-ms-win-core-file-l2-1-0.dll
0x000001f0deaa0000 - 0x000001f0deaa3000 	C:\Program Files\Java\jdk1.8.0_271\jre\bin\api-ms-win-core-handle-l1-1-0.dll
0x000001f0deab0000 - 0x000001f0deab3000 	C:\Program Files\Java\jdk1.8.0_271\jre\bin\api-ms-win-core-heap-l1-1-0.dll
0x000001f0deac0000 - 0x000001f0deac3000 	C:\Program Files\Java\jdk1.8.0_271\jre\bin\api-ms-win-core-interlocked-l1-1-0.dll
0x000001f0dead0000 - 0x000001f0dead3000 	C:\Program Files\Java\jdk1.8.0_271\jre\bin\api-ms-win-core-libraryloader-l1-1-0.dll
0x000001f0deae0000 - 0x000001f0deae3000 	C:\Program Files\Java\jdk1.8.0_271\jre\bin\api-ms-win-core-localization-l1-2-0.dll
0x000001f0deaf0000 - 0x000001f0deaf3000 	C:\Program Files\Java\jdk1.8.0_271\jre\bin\api-ms-win-core-memory-l1-1-0.dll
0x000001f0deb00000 - 0x000001f0deb03000 	C:\Program Files\Java\jdk1.8.0_271\jre\bin\api-ms-win-core-namedpipe-l1-1-0.dll
0x000001f0deb10000 - 0x000001f0deb13000 	C:\Program Files\Java\jdk1.8.0_271\jre\bin\api-ms-win-core-processenvironment-l1-1-0.dll
0x000001f0deb20000 - 0x000001f0deb23000 	C:\Program Files\Java\jdk1.8.0_271\jre\bin\api-ms-win-core-processthreads-l1-1-0.dll
0x000001f0deb30000 - 0x000001f0deb33000 	C:\Program Files\Java\jdk1.8.0_271\jre\bin\api-ms-win-core-processthreads-l1-1-1.dll
0x000001f0deb40000 - 0x000001f0deb43000 	C:\Program Files\Java\jdk1.8.0_271\jre\bin\api-ms-win-core-profile-l1-1-0.dll
0x000001f0deb50000 - 0x000001f0deb53000 	C:\Program Files\Java\jdk1.8.0_271\jre\bin\api-ms-win-core-rtlsupport-l1-1-0.dll
0x000001f0deb60000 - 0x000001f0deb63000 	C:\Program Files\Java\jdk1.8.0_271\jre\bin\api-ms-win-core-string-l1-1-0.dll
0x000001f0deb70000 - 0x000001f0deb73000 	C:\Program Files\Java\jdk1.8.0_271\jre\bin\api-ms-win-core-synch-l1-1-0.dll
0x000001f0deb80000 - 0x000001f0deb83000 	C:\Program Files\Java\jdk1.8.0_271\jre\bin\api-ms-win-core-synch-l1-2-0.dll
0x000001f0deb90000 - 0x000001f0deb93000 	C:\Program Files\Java\jdk1.8.0_271\jre\bin\api-ms-win-core-sysinfo-l1-1-0.dll
0x000001f0deba0000 - 0x000001f0deba3000 	C:\Program Files\Java\jdk1.8.0_271\jre\bin\api-ms-win-core-timezone-l1-1-0.dll
0x000001f0debb0000 - 0x000001f0debb3000 	C:\Program Files\Java\jdk1.8.0_271\jre\bin\api-ms-win-core-util-l1-1-0.dll
0x000001f0debc0000 - 0x000001f0debc3000 	C:\Program Files\Java\jdk1.8.0_271\jre\bin\api-ms-win-crt-conio-l1-1-0.dll
0x000001f0debd0000 - 0x000001f0debd4000 	C:\Program Files\Java\jdk1.8.0_271\jre\bin\api-ms-win-crt-convert-l1-1-0.dll
0x000001f0debe0000 - 0x000001f0debe3000 	C:\Program Files\Java\jdk1.8.0_271\jre\bin\api-ms-win-crt-environment-l1-1-0.dll
0x000001f0debf0000 - 0x000001f0debf3000 	C:\Program Files\Java\jdk1.8.0_271\jre\bin\api-ms-win-crt-filesystem-l1-1-0.dll
0x000001f0dec00000 - 0x000001f0dec03000 	C:\Program Files\Java\jdk1.8.0_271\jre\bin\api-ms-win-crt-heap-l1-1-0.dll
0x000001f0dec10000 - 0x000001f0dec13000 	C:\Program Files\Java\jdk1.8.0_271\jre\bin\api-ms-win-crt-locale-l1-1-0.dll
0x000001f0dec20000 - 0x000001f0dec25000 	C:\Program Files\Java\jdk1.8.0_271\jre\bin\api-ms-win-crt-math-l1-1-0.dll
0x000001f0dec30000 - 0x000001f0dec35000 	C:\Program Files\Java\jdk1.8.0_271\jre\bin\api-ms-win-crt-multibyte-l1-1-0.dll
0x000001f0dec40000 - 0x000001f0dec50000 	C:\Program Files\Java\jdk1.8.0_271\jre\bin\api-ms-win-crt-private-l1-1-0.dll
0x000001f0dec50000 - 0x000001f0dec53000 	C:\Program Files\Java\jdk1.8.0_271\jre\bin\api-ms-win-crt-process-l1-1-0.dll
0x000001f0dec60000 - 0x000001f0dec64000 	C:\Program Files\Java\jdk1.8.0_271\jre\bin\api-ms-win-crt-runtime-l1-1-0.dll
0x000001f0dec70000 - 0x000001f0dec74000 	C:\Program Files\Java\jdk1.8.0_271\jre\bin\api-ms-win-crt-stdio-l1-1-0.dll
0x000001f0dec80000 - 0x000001f0dec84000 	C:\Program Files\Java\jdk1.8.0_271\jre\bin\api-ms-win-crt-string-l1-1-0.dll
0x000001f0dec90000 - 0x000001f0dec93000 	C:\Program Files\Java\jdk1.8.0_271\jre\bin\api-ms-win-crt-time-l1-1-0.dll
0x000001f0deca0000 - 0x000001f0deca3000 	C:\Program Files\Java\jdk1.8.0_271\jre\bin\api-ms-win-crt-utility-l1-1-0.dll
0x00007ff9fad50000 - 0x00007ff9fae4a000 	C:\Program Files\Java\jdk1.8.0_271\jre\bin\ucrtbase.dll
0x00007ffa23060000 - 0x00007ffa2306c000 	C:\Windows\System32\vcruntime140_1.dll
0x00007ffa229e0000 - 0x00007ffa22a03000 	C:\Program Files\Java\jdk1.8.0_271\jre\bin\prism_d3d.dll
0x00007ffa345f0000 - 0x00007ffa347bf000 	C:\Windows\system32\d3d9.dll
0x00007ffa3ddc0000 - 0x00007ffa3ddef000 	C:\Windows\SYSTEM32\dwmapi.dll
0x00007ffa3db50000 - 0x00007ffa3dbee000 	C:\Windows\system32\uxtheme.dll
0x00007ffa38130000 - 0x00007ffa38247000 	C:\Windows\System32\DriverStore\FileRepository\nv_dispi.inf_amd64_246e95e4066041ad\nvldumdx.dll
0x00007ffa3fd80000 - 0x00007ffa3fd92000 	C:\Windows\SYSTEM32\msasn1.dll
0x00007ffa3a050000 - 0x00007ffa3a081000 	C:\Windows\SYSTEM32\cryptnet.dll
0x00007ffa40460000 - 0x00007ffa405b6000 	C:\Windows\System32\CRYPT32.dll
0x00007ffa39d20000 - 0x00007ffa39e68000 	C:\Windows\SYSTEM32\drvstore.dll
0x00007ffa3ff40000 - 0x00007ffa3ff6c000 	C:\Windows\SYSTEM32\devobj.dll
0x00007ffa40a80000 - 0x00007ffa40ace000 	C:\Windows\System32\cfgmgr32.dll
0x00007ffa3fb60000 - 0x00007ffa3fb6c000 	C:\Windows\SYSTEM32\cryptbase.dll
0x00007ffa40a10000 - 0x00007ffa40a77000 	C:\Windows\System32\WINTRUST.DLL
0x00007ffa40ad0000 - 0x00007ffa40aed000 	C:\Windows\System32\imagehlp.dll
0x00007ffa3fb40000 - 0x00007ffa3fb58000 	C:\Windows\SYSTEM32\CRYPTSP.dll
0x00007ffa3f260000 - 0x00007ffa3f294000 	C:\Windows\system32\rsaenh.dll
0x00007ffa40190000 - 0x00007ffa401b7000 	C:\Windows\System32\bcrypt.dll
0x00007ffa402c0000 - 0x00007ffa40342000 	C:\Windows\System32\bcryptPrimitives.dll
0x00007ff9f3540000 - 0x00007ff9f4d4a000 	C:\Windows\System32\DriverStore\FileRepository\nv_dispi.inf_amd64_246e95e4066041ad\nvd3dumx.dll
0x00007ffa22990000 - 0x00007ffa229d5000 	C:\Program Files\Java\jdk1.8.0_271\jre\bin\glass.dll
0x00007ffa42130000 - 0x00007ffa4220a000 	C:\Windows\System32\COMDLG32.dll
0x00007ffa41ff0000 - 0x00007ffa4211a000 	C:\Windows\System32\ole32.dll
0x00007ffa41dd0000 - 0x00007ffa41e9d000 	C:\Windows\System32\OLEAUT32.dll
0x0000000180000000 - 0x0000000188010000 	C:\Program Files (x86)\ASUS\GPU TweakII\GTII-OSD\x64\GTII-OSD64-VK.dll
0x00007ffa01d60000 - 0x00007ffa01ec1000 	C:\Windows\SYSTEM32\vulkan-1.dll
0x00007ffa3ea90000 - 0x00007ffa3eb83000 	C:\Windows\system32\dxgi.dll
0x00007ffa42800000 - 0x00007ffa42915000 	C:\Windows\System32\MSCTF.dll
0x00007ffa0c1c0000 - 0x00007ffa0c487000 	C:\Windows\system32\nvspcap64.dll
0x00007ffa3ee90000 - 0x00007ffa3eec3000 	C:\Windows\SYSTEM32\ntmarta.dll
0x00007ffa3ea60000 - 0x00007ffa3ea83000 	C:\Windows\SYSTEM32\gpapi.dll
0x00007ffa38350000 - 0x00007ffa3838b000 	C:\Windows\SYSTEM32\dxcore.dll
0x00007ff9fabb0000 - 0x00007ff9fad44000 	C:\Program Files\Java\jdk1.8.0_271\jre\bin\awt.dll
0x00007ffa3d9f0000 - 0x00007ffa3da80000 	C:\Windows\SYSTEM32\apphelp.dll
0x00007ffa01690000 - 0x00007ffa017b7000 	C:\Windows\system32\opengl32.dll
0x00007ffa01660000 - 0x00007ffa0168c000 	C:\Windows\SYSTEM32\GLU32.dll
0x00007ffa22970000 - 0x00007ffa22984000 	C:\Program Files\Java\jdk1.8.0_271\jre\bin\javafx_font.dll
0x00007ffa295c0000 - 0x00007ffa2983f000 	C:\Windows\SYSTEM32\dwrite.dll
0x00007ffa40050000 - 0x00007ffa4007e000 	C:\Windows\SYSTEM32\USERENV.dll
0x00007ffa3f5f0000 - 0x00007ffa3f62b000 	C:\Windows\SYSTEM32\IPHLPAPI.DLL
0x00007ffa42120000 - 0x00007ffa42128000 	C:\Windows\System32\NSI.dll
0x00007ffa3a020000 - 0x00007ffa3a037000 	C:\Windows\SYSTEM32\dhcpcsvc6.DLL
0x00007ffa3a380000 - 0x00007ffa3a39d000 	C:\Windows\SYSTEM32\dhcpcsvc.DLL
0x00007ffa3f640000 - 0x00007ffa3f70b000 	C:\Windows\SYSTEM32\DNSAPI.dll
0x00007ffa25ff0000 - 0x00007ffa26003000 	C:\Program Files\Java\jdk1.8.0_271\jre\bin\nio.dll
0x00007ffa41f40000 - 0x00007ffa41fe9000 	C:\Windows\System32\clbcatq.dll
0x00007ffa3a680000 - 0x00007ffa3a834000 	C:\Windows\SYSTEM32\WindowsCodecs.dll

VM Arguments:
jvm_args: -javaagent:C:\Program Files\JetBrains\IntelliJ IDEA 2021.1.3\lib\idea_rt.jar=49815:C:\Program Files\JetBrains\IntelliJ IDEA 2021.1.3\bin -Dfile.encoding=UTF-8 
java_command: ServerInitializer
java_class_path (initial): C:\Program Files\Java\jdk1.8.0_271\jre\lib\charsets.jar;C:\Program Files\Java\jdk1.8.0_271\jre\lib\deploy.jar;C:\Program Files\Java\jdk1.8.0_271\jre\lib\ext\access-bridge-64.jar;C:\Program Files\Java\jdk1.8.0_271\jre\lib\ext\cldrdata.jar;C:\Program Files\Java\jdk1.8.0_271\jre\lib\ext\dnsns.jar;C:\Program Files\Java\jdk1.8.0_271\jre\lib\ext\jaccess.jar;C:\Program Files\Java\jdk1.8.0_271\jre\lib\ext\jfxrt.jar;C:\Program Files\Java\jdk1.8.0_271\jre\lib\ext\localedata.jar;C:\Program Files\Java\jdk1.8.0_271\jre\lib\ext\nashorn.jar;C:\Program Files\Java\jdk1.8.0_271\jre\lib\ext\sunec.jar;C:\Program Files\Java\jdk1.8.0_271\jre\lib\ext\sunjce_provider.jar;C:\Program Files\Java\jdk1.8.0_271\jre\lib\ext\sunmscapi.jar;C:\Program Files\Java\jdk1.8.0_271\jre\lib\ext\sunpkcs11.jar;C:\Program Files\Java\jdk1.8.0_271\jre\lib\ext\zipfs.jar;C:\Program Files\Java\jdk1.8.0_271\jre\lib\javaws.jar;C:\Program Files\Java\jdk1.8.0_271\jre\lib\jce.jar;C:\Program Files\Java\jdk1.8.0_271\jre\lib\jfr.jar;C:\Program Files\Java\jdk1.8.0_271\jre\lib\jfxswt.jar;C:\Program Files\Java\jdk1.8.0_271\jre\lib\jsse.jar;C:\Program Files\Java\jdk1.8.0_271\jre\lib\management-agent.jar;C:\Program Files\Java\jdk1.8.0_271\jre\lib\plugin.jar;C:\Program Files\Java\jdk1.8.0_271\jre\lib\resources.jar;C:\Program Files\Java\jdk1.8.0_271\jre\lib\rt.jar;E:\GDSE60\WorkingPlace\Working\Live-Chat\out\production\Live-Chat;E:\GDSE60\WorkingPlace\Working\Live-Chat\lib\controlsfx-8.40.11.jar;E:\GDSE60\WorkingPlace\Working\Live-Chat\lib\fontawesomefx-commons-8.15.jar;E:\GDSE60\WorkingPlace\Working\Live-Chat\lib\fontawesomefx-controls-8.15.jar;E:\GDSE60\WorkingPlace\Working\Live-Chat\lib\fontawesomefx-emojione-2.2.7-2.jar;E:\GDSE60\WorkingPlace\Working\Live-Chat\lib\fontawesomefx-fontawesome-4.7.0-5.jar;E:\GDSE60\WorkingPlace\Working\Live-Chat\lib\fontawesomefx-glyphsbrowser-1.3.0.jar;E:\GDSE60\WorkingPlace\Working\Live-Chat\lib\fontawesomefx-icons525-3.0.0-4.jar;E:\GDSE60\WorkingPlace\Working\Live-
Launcher Type: SUN_STANDARD

Environment Variables:
PATH=C:\Program Files (x86)\Common Files\Oracle\Java\javapath;C:\Windows\system32;C:\Windows;C:\Windows\System32\Wbem;C:\Windows\System32\WindowsPowerShell\v1.0\;C:\Windows\System32\OpenSSH\;C:\Program Files\NVIDIA Corporation\NVIDIA NvDLISR;C:\Program Files (x86)\NVIDIA Corporation\PhysX\Common;C:\Program Files\Java\jdk1.8.0_271\bin;C:\Program Files\Git\cmd;C:\Program Files\MySQL\MySQL Shell 8.0\bin\;C:\Users\maxth\AppData\Local\Microsoft\WindowsApps;C:\Users\maxth\AppData\Local\GitHubDesktop\bin;C:\Users\maxth\AppData\Local\Programs\Microsoft VS Code\bin
USERNAME=maxth
OS=Windows_NT
PROCESSOR_IDENTIFIER=Intel64 Family 6 Model 60 Stepping 3, GenuineIntel



---------------  S Y S T E M  ---------------

OS: Windows 10.0 , 64 bit Build 19041 (10.0.19041.1806)

CPU:total 4 (initial active 4) (4 cores per cpu, 1 threads per core) family 6 model 60 stepping 3, cmov, cx8, fxsr, mmx, sse, sse2, sse3, ssse3, sse4.1, sse4.2, popcnt, avx, avx2, aes, clmul, erms, lzcnt, tsc, tscinvbit, bmi1, bmi2

Memory: 4k page, physical 12517616k(6082080k free), swap 21430512k(9002656k free)

vm_info: Java HotSpot(TM) 64-Bit Server VM (25.271-b09) for windows-amd64 JRE (1.8.0_271-b09), built on Sep 16 2020 19:14:59 by "" with MS VC++ 15.9 (VS2017)

time: Tue Aug  9 09:46:09 2022
timezone: Sri Lanka Standard Time
elapsed time: 8.501094 seconds (0d 0h 0m 8s)

